app/build/intermediates/proguard-rules/release/aapt_rules.txt
# Referenced at processReleaseManifest\merged\AndroidManifest.xml:20
-keep class com.sinpo.xnfc.NFCard { <init>(...); }