app/build/outputs/mapping/release/mapping.txt
com.sinpo.xnfc.NFCard -> com.sinpo.xnfc.NFCard:
    android.nfc.NfcAdapter nfcAdapter -> a
    android.app.PendingIntent pendingIntent -> b
    android.content.res.Resources res -> c
    android.widget.TextView board -> d
    void <init>() -> <init>
    void onCreate(android.os.Bundle) -> onCreate
    boolean onCreateOptionsMenu(android.view.Menu) -> onCreateOptionsMenu
    boolean onOptionsItemSelected(android.view.MenuItem) -> onOptionsItemSelected
    void onPause() -> onPause
    void onResume() -> onResume
    void onNewIntent(android.content.Intent) -> onNewIntent
    void onClick(android.view.View) -> onClick
    void onActivityResult(int,int,android.content.Intent) -> onActivityResult
    void refreshStatus() -> a
    void showData(java.lang.String) -> a
    void showHelp(int) -> a
    void showHint() -> b
    void handleTag(boolean,java.lang.String,android.text.Editable,org.xml.sax.XMLReader) -> handleTag
    android.graphics.drawable.Drawable getDrawable(java.lang.String) -> getDrawable
com.sinpo.xnfc.NFCard$ContentType -> com.sinpo.xnfc.a:
    com.sinpo.xnfc.NFCard$ContentType HINT -> a
    com.sinpo.xnfc.NFCard$ContentType DATA -> b
    com.sinpo.xnfc.NFCard$ContentType MSG -> c
    void <init>(java.lang.String,int) -> <init>
    void <clinit>() -> <clinit>
com.sinpo.xnfc.Util -> com.sinpo.xnfc.b:
    char[] HEX -> a
    int toInt(byte[],int,int) -> a
    int toIntR$1cf967b1(byte[],int) -> a
    java.lang.String toHexString(byte[],int,int) -> b
    java.lang.String toHexStringR$55a39fc4(byte[],int) -> b
    int parseInt$44bd8e92(java.lang.String) -> a
    java.lang.String toAmountString(float) -> a
    void <clinit>() -> <clinit>
com.sinpo.xnfc.card.CardManager -> com.sinpo.xnfc.a.a:
    java.lang.String[][] TECHLISTS -> a
    android.content.IntentFilter[] FILTERS -> b
    java.lang.String buildResult(java.lang.String,java.lang.String,java.lang.String,java.lang.String) -> a
    java.lang.String load(android.os.Parcelable,android.content.res.Resources) -> a
    void <clinit>() -> <clinit>
com.sinpo.xnfc.card.OctopusCard -> com.sinpo.xnfc.a.b:
    java.lang.String parseBalance(float[],int,android.content.res.Resources) -> a
com.sinpo.xnfc.card.pboc.BeijingMunicipal -> com.sinpo.xnfc.a.a.a:
    void <init>(com.sinpo.xnfc.tech.Iso7816$Tag,android.content.res.Resources) -> <init>
    com.sinpo.xnfc.card.pboc.BeijingMunicipal load(com.sinpo.xnfc.tech.Iso7816$Tag,android.content.res.Resources) -> a
com.sinpo.xnfc.card.pboc.ChanganTong -> com.sinpo.xnfc.a.a.b:
    byte[] DFN_SRV -> j
    void <init>(com.sinpo.xnfc.tech.Iso7816$Tag,android.content.res.Resources) -> <init>
    com.sinpo.xnfc.card.pboc.ChanganTong load(com.sinpo.xnfc.tech.Iso7816$Tag,android.content.res.Resources) -> a
    void <clinit>() -> <clinit>
com.sinpo.xnfc.card.pboc.HardReader -> com.sinpo.xnfc.a.a.c:
    void <init>(com.sinpo.xnfc.tech.Iso7816$Tag,byte[],android.content.res.Resources) -> <init>
    com.sinpo.xnfc.card.pboc.HardReader load(com.sinpo.xnfc.tech.Iso7816$Tag,android.content.res.Resources) -> a
    byte[] selectAID(com.sinpo.xnfc.tech.Iso7816$Tag,byte[]) -> a
    java.util.ArrayList findAIDs(com.sinpo.xnfc.tech.Iso7816$Tag) -> b
    com.sinpo.xnfc.tech.Iso7816$Response getBalance(com.sinpo.xnfc.tech.Iso7816$Tag) -> c