app/build/outputs/mapping/release/usage.txt
com.sinpo.xnfc.BuildConfig
com.sinpo.xnfc.NFCard$ContentType:
    55:55:public static com.sinpo.xnfc.NFCard$ContentType[] values()
    55:55:public static com.sinpo.xnfc.NFCard$ContentType valueOf(java.lang.String)
com.sinpo.xnfc.R
com.sinpo.xnfc.R$color
com.sinpo.xnfc.R$dimen
com.sinpo.xnfc.R$drawable
com.sinpo.xnfc.R$id
com.sinpo.xnfc.R$layout
com.sinpo.xnfc.R$menu
com.sinpo.xnfc.R$string
com.sinpo.xnfc.R$xml
com.sinpo.xnfc.Util:
    22:23:private Util()
    26:26:public static byte[] toBytes(int)
    53:58:public static varargs int toInt(byte[])
com.sinpo.xnfc.card.CardManager:
    private static final java.lang.String SP
    33:33:public CardManager()
com.sinpo.xnfc.card.OctopusCard:
    private static final int SYS_SZT
    private static final int SRV_SZT
    private static final int SYS_OCTOPUS
    private static final int SRV_OCTOPUS
    25:25:OctopusCard()
com.sinpo.xnfc.card.VicinityCard:
    private static final int SYS_UNKNOWN
    private static final int SYS_SZLIB
    private static final int DEP_SZLIB_CENTER
    private static final int DEP_SZLIB_NANSHAN
    private static final int SRV_USER
    private static final int SRV_BOOK
    public static final int SW1_OK
    24:24:VicinityCard()
com.sinpo.xnfc.card.pboc.BeijingMunicipal:
    private static final int SFI_EXTRA_LOG
    private static final int SFI_EXTRA_CNT
com.sinpo.xnfc.card.pboc.HardReader:
    public static final byte TMPL_PDR
    public static final byte TMPL_PDE
com.sinpo.xnfc.card.pboc.PbocCard:
    protected static final int MAX_LOG
    protected static final int SFI_EXTRA
    protected static final int SFI_LOG
    protected static final byte TRANS_CSU
    protected static final byte TRANS_CSU_CPX
com.sinpo.xnfc.card.pboc.WuhanTong:
    private static final int SFI_INFO
    private static final int SFI_SERL
com.sinpo.xnfc.tech.FeliCa:
    public static final byte CMD_POLLING
    public static final byte RSP_POLLING
    public static final byte CMD_REQUEST_SERVICE
    public static final byte RSP_REQUEST_SERVICE
    public static final byte CMD_REQUEST_RESPONSE
    public static final byte RSP_REQUEST_RESPONSE
    public static final byte CMD_READ_WO_ENCRYPTION
    public static final byte RSP_READ_WO_ENCRYPTION
    public static final byte CMD_WRITE_WO_ENCRYPTION
    public static final byte RSP_WRITE_WO_ENCRYPTION
    public static final byte CMD_SEARCH_SERVICECODE
    public static final byte RSP_SEARCH_SERVICECODE
    public static final byte CMD_REQUEST_SYSTEMCODE
    public static final byte RSP_REQUEST_SYSTEMCODE
    public static final byte CMD_AUTHENTICATION1
    public static final byte RSP_AUTHENTICATION1
    public static final byte CMD_AUTHENTICATION2
    public static final byte RSP_AUTHENTICATION2
    public static final byte CMD_READ
    public static final byte RSP_READ
    public static final byte CMD_WRITE
    public static final byte RSP_WRITE
    public static final int SYS_ANY
    public static final int SYS_FELICA_LITE
    public static final int SYS_COMMON
    public static final int SRV_FELICA_LITE_READONLY
    public static final int SRV_FELICA_LITE_READWRITE
    public static final int STA1_NORMAL
    public static final int STA1_ERROR
    public static final int STA2_NORMAL
    public static final int STA2_ERROR_LENGTH
com.sinpo.xnfc.tech.FeliCa$Block
com.sinpo.xnfc.tech.FeliCa$BlockListElement
com.sinpo.xnfc.tech.FeliCa$Command:
    278:279:public FeliCa$Command(byte[])
    281:291:public varargs FeliCa$Command(byte,byte[])
    300:305:public varargs FeliCa$Command(byte,byte[],byte[])
com.sinpo.xnfc.tech.FeliCa$IDm:
    59:59:public final java.lang.String getManufactureCode()
    63:63:public final java.lang.String getCardIdentification()
    67:72:public boolean isEmpty()
com.sinpo.xnfc.tech.FeliCa$MemoryConfigurationBlock
com.sinpo.xnfc.tech.FeliCa$PMm:
    84:84:public final java.lang.String getIcCode()
    88:88:public final java.lang.String getMaximumResponseTime()
com.sinpo.xnfc.tech.FeliCa$PollingResponse